<?xml version="1.0" encoding="UTF-8"?>
<testng-results ignored="0" total="1" passed="1" failed="0" skipped="0">
  <reporter-output>
  </reporter-output>
  <suite started-at="2022-11-18T18:53:31 IST" name="Default suite" finished-at="2022-11-18T18:53:34 IST" duration-ms="3485">
    <groups>
    </groups>
    <test started-at="2022-11-18T18:53:31 IST" name="Default test" finished-at="2022-11-18T18:53:34 IST" duration-ms="3485">
      <class name="HomeModules.TestCase">
        <test-method is-config="true" signature="lunchingBrowser()[pri:0, instance:HomeModules.TestCase@47faa49c]" started-at="2022-11-18T18:53:20 IST" name="lunchingBrowser" finished-at="2022-11-18T18:53:31 IST" duration-ms="10521" status="PASS">
          <reporter-output>
          </reporter-output>
        </test-method> <!-- lunchingBrowser -->
        <test-method is-config="true" signature="beforetest()[pri:0, instance:HomeModules.TestCase@47faa49c]" started-at="2022-11-18T18:53:31 IST" name="beforetest" finished-at="2022-11-18T18:53:31 IST" duration-ms="29" status="PASS">
          <reporter-output>
          </reporter-output>
        </test-method> <!-- beforetest -->
        <test-method is-config="true" signature="navigatingtoapp()[pri:0, instance:HomeModules.TestCase@47faa49c]" started-at="2022-11-18T18:53:31 IST" name="navigatingtoapp" finished-at="2022-11-18T18:53:34 IST" duration-ms="2962" status="PASS">
          <reporter-output>
          </reporter-output>
        </test-method> <!-- navigatingtoapp -->
        <test-method signature="testcaseDescription()[pri:0, instance:HomeModules.TestCase@47faa49c]" started-at="2022-11-18T18:53:34 IST" name="testcaseDescription" finished-at="2022-11-18T18:53:34 IST" duration-ms="355" status="PASS">
          <reporter-output>
          </reporter-output>
        </test-method> <!-- testcaseDescription -->
        <test-method is-config="true" signature="checkingFailure(org.testng.ITestResult)[pri:0, instance:HomeModules.TestCase@47faa49c]" started-at="2022-11-18T18:53:34 IST" name="checkingFailure" finished-at="2022-11-18T18:53:34 IST" duration-ms="7" status="PASS">
          <params>
            <param index="0">
              <value>
                <![CDATA[[TestResult name=testcaseDescription status=SUCCESS method=TestCase.testcaseDescription()[pri:0, instance:HomeModules.TestCase@47faa49c] output={null}]]]>
              </value>
            </param>
          </params>
          <reporter-output>
          </reporter-output>
        </test-method> <!-- checkingFailure -->
        <test-method is-config="true" signature="logginout()[pri:0, instance:HomeModules.TestCase@47faa49c]" started-at="2022-11-18T18:53:34 IST" name="logginout" finished-at="2022-11-18T18:53:34 IST" duration-ms="1" status="PASS">
          <reporter-output>
          </reporter-output>
        </test-method> <!-- logginout -->
        <test-method is-config="true" signature="colsethebrowser()[pri:0, instance:HomeModules.TestCase@47faa49c]" started-at="2022-11-18T18:53:34 IST" name="colsethebrowser" finished-at="2022-11-18T18:53:35 IST" duration-ms="567" status="PASS">
          <reporter-output>
          </reporter-output>
        </test-method> <!-- colsethebrowser -->
      </class> <!-- HomeModules.TestCase -->
    </test> <!-- Default test -->
  </suite> <!-- Default suite -->
</testng-results>
